<?xml version="1.0" encoding="UTF-8"?>
<testsuite xmlns:xsi="http://www.w3.org/2001/XMLSchema-instance" xsi:noNamespaceSchemaLocation="https://maven.apache.org/surefire/maven-surefire-plugin/xsd/surefire-test-report.xsd" name="tests.ProfilePageTests" time="67.835" tests="8" errors="1" skipped="0" failures="0">
  <properties>
[...]
</properties>
  <testcase name="checkLinkLogOutIsSuccess[Browser chrome]" classname="tests.ProfilePageTests" time="6.285"/>
  <testcase name="checkLinkOnLogoIsSuccess[Browser chrome]" classname="tests.ProfilePageTests" time="6.86"/>
  <testcase name="checkLinkToProfileIsSuccess[Browser chrome]" classname="tests.ProfilePageTests" time="6.466"/>
  <testcase name="checkLinkToConstructorIsSuccess[Browser chrome]" classname="tests.ProfilePageTests" time="6.049"/>
  <testcase name="checkLinkLogOutIsSuccess[Browser firefox]" classname="tests.ProfilePageTests" time="12.189"/>
  <testcase name="checkLinkOnLogoIsSuccess[Browser firefox]" classname="tests.ProfilePageTests" time="9.664"/>
  <testcase name="checkLinkToProfileIsSuccess[Browser firefox]" classname="tests.ProfilePageTests" time="9.824"/>
  <testcase name="checkLinkToConstructorIsSuccess[Browser firefox]" classname="tests.ProfilePageTests" time="10.45">
    <error message="Element &lt;p class=&quot;AppHeader_header__linkText__3q_va ml-2&quot;&gt; is not clickable at point (304,44) because another element &lt;div class=&quot;Modal_modal_overlay__x2ZCr&quot;&gt; obscures it&#10;Build info: version: &apos;4.20.0&apos;, revision: &apos;866c76ca80&apos;&#10;System info: os.name: &apos;Mac OS X&apos;, os.arch: &apos;aarch64&apos;, os.version: &apos;12.6.2&apos;, java.version: &apos;22.0.2&apos;&#10;Driver info: org.openqa.selenium.firefox.FirefoxDriver&#10;Command: [ad1a95a1-fc55-4840-afe6-1cc021053cc3, clickElement {id=03f1ede1-2dba-4653-b928-b149b824aa96}]&#10;Capabilities {acceptInsecureCerts: true, browserName: firefox, browserVersion: 126.0, moz:accessibilityChecks: false, moz:buildID: 20240509170740, moz:debuggerAddress: 127.0.0.1:36633, moz:geckodriverVersion: 0.35.0, moz:headless: false, moz:platformVersion: 21.6.0, moz:processID: 49984, moz:profile: /var/folders/sr/m45y45dd69q..., moz:shutdownTimeout: 60000, moz:webdriverClick: true, moz:windowless: false, pageLoadStrategy: eager, platformName: mac, proxy: Proxy(), se:cdp: ws://127.0.0.1:36633/devtoo..., se:cdpVersion: 85.0, setWindowRect: true, strictFileInteractability: false, timeouts: {implicit: 0, pageLoad: 300000, script: 30000}, unhandledPromptBehavior: dismiss and notify, userAgent: Mozilla/5.0 (Macintosh; Int...}&#10;Element: [[FirefoxDriver: firefox on mac (ad1a95a1-fc55-4840-afe6-1cc021053cc3)] -&gt; xpath: .//p[starts-with(@class,&apos;AppHeader_header__linkText&apos;)]]&#10;Session ID: ad1a95a1-fc55-4840-afe6-1cc021053cc3" type="org.openqa.selenium.ElementClickInterceptedException"><![CDATA[org.openqa.selenium.ElementClickInterceptedException: 
Element <p class="AppHeader_header__linkText__3q_va ml-2"> is not clickable at point (304,44) because another element <div class="Modal_modal_overlay__x2ZCr"> obscures it
Build info: version: '4.20.0', revision: '866c76ca80'
System info: os.name: 'Mac OS X', os.arch: 'aarch64', os.version: '12.6.2', java.version: '22.0.2'
Driver info: org.openqa.selenium.firefox.FirefoxDriver
Command: [ad1a95a1-fc55-4840-afe6-1cc021053cc3, clickElement {id=03f1ede1-2dba-4653-b928-b149b824aa96}]
Capabilities {acceptInsecureCerts: true, browserName: firefox, browserVersion: 126.0, moz:accessibilityChecks: false, moz:buildID: 20240509170740, moz:debuggerAddress: 127.0.0.1:36633, moz:geckodriverVersion: 0.35.0, moz:headless: false, moz:platformVersion: 21.6.0, moz:processID: 49984, moz:profile: /var/folders/sr/m45y45dd69q..., moz:shutdownTimeout: 60000, moz:webdriverClick: true, moz:windowless: false, pageLoadStrategy: eager, platformName: mac, proxy: Proxy(), se:cdp: ws://127.0.0.1:36633/devtoo..., se:cdpVersion: 85.0, setWindowRect: true, strictFileInteractability: false, timeouts: {implicit: 0, pageLoad: 300000, script: 30000}, unhandledPromptBehavior: dismiss and notify, userAgent: Mozilla/5.0 (Macintosh; Int...}
Element: [[FirefoxDriver: firefox on mac (ad1a95a1-fc55-4840-afe6-1cc021053cc3)] -> xpath: .//p[starts-with(@class,'AppHeader_header__linkText')]]
Session ID: ad1a95a1-fc55-4840-afe6-1cc021053cc3
	at tests.ProfilePageTests.checkLinkToConstructorIsSuccess(ProfilePageTests.java:106)
]]></error>
  </testcase>
</testsuite>