<?xml version="1.0" encoding="UTF-8"?>
<testsuite xmlns:xsi="http://www.w3.org/2001/XMLSchema-instance" xsi:noNamespaceSchemaLocation="https://maven.apache.org/surefire/maven-surefire-plugin/xsd/surefire-test-report.xsd" name="tests.AuthTests" time="61.721" tests="8" errors="0" skipped="0" failures="0">
  <properties>
[...]
</properties>
  <testcase name="authFromLinkToProfileIsSuccess[Browser chrome]" classname="tests.AuthTests" time="6.074"/>
  <testcase name="authFromMainIsSuccess[Browser chrome]" classname="tests.AuthTests" time="5.302"/>
  <testcase name="authLinkFromRegFormIsSuccess[Browser chrome]" classname="tests.AuthTests" time="5.206"/>
  <testcase name="authLinkFromForgotPasswordFormIsSuccess[Browser chrome]" classname="tests.AuthTests" time="6.735"/>
  <testcase name="authFromLinkToProfileIsSuccess[Browser firefox]" classname="tests.AuthTests" time="10.407"/>
  <testcase name="authFromMainIsSuccess[Browser firefox]" classname="tests.AuthTests" time="9.963"/>
  <testcase name="authLinkFromRegFormIsSuccess[Browser firefox]" classname="tests.AuthTests" time="8.902"/>
  <testcase name="authLinkFromForgotPasswordFormIsSuccess[Browser firefox]" classname="tests.AuthTests" time="9.12"/>
</testsuite>